============================= test session starts =============================
platform win32 -- Python 3.12.10, pytest-9.0.3, pluggy-1.6.0
rootdir: C:\projects\simple-budget\backend
configfile: pytest.ini
testpaths: tests
plugins: anyio-4.12.1, asyncio-1.3.0, cov-7.0.0
asyncio: mode=Mode.STRICT, debug=False, asyncio_default_fixture_loop_scope=function, asyncio_default_test_loop_scope=function

[Integration] DATABASE_URL = postgresql://test_user:test_pass@localhost:5433/budget_test
[Integration] RATE_LIMIT_ENABLED = False
collected 249 items

tests\integration\test_db_failure_modes.py ...                           [  1%]
tests\integration\test_e2e_budget_flow.py .                              [  1%]
tests\integration\test_integration_auth_lockout.py ..........            [  5%]
tests\integration\test_integration_errors.py ........................... [ 16%]
.........                                                                [ 20%]
tests\integration\test_integration_happy_paths.py ...........            [ 24%]
tests\integration\test_integration_repositories.py .........             [ 28%]
tests\test_auth_rate_limits.py ..                                        [ 28%]
tests\test_auth_service.py ......                                        [ 31%]
tests\test_budget_service.py ...............                             [ 37%]
tests\test_error_handlers.py ........................................... [ 54%]
......................                                                   [ 63%]
tests\test_expense_service.py .......                                    [ 66%]
tests\test_http_controllers.py ......................................... [ 82%]
................                                                         [ 89%]
tests\test_income_service.py ......                                      [ 91%]
tests\test_report_service.py .......                                     [ 94%]
tests\test_security.py ..............                                    [100%]

- generated xml file: C:\projects\simple-budget\release-evidence\final-regression-20260426\backend\pytest-junit.xml -
============================ 249 passed in 29.61s =============================
